<?xml version="1.0" encoding="UTF-8"?>
<testng-results skipped="0" failed="1" total="1" passed="0">
  <reporter-output>
  </reporter-output>
  <suite name="Default suite" duration-ms="19027" started-at="2022-04-26T04:02:53Z" finished-at="2022-04-26T04:03:12Z">
    <groups>
    </groups>
    <test name="Default test" duration-ms="19027" started-at="2022-04-26T04:02:53Z" finished-at="2022-04-26T04:03:12Z">
      <class name="org.test.pro.general_settings_testcase.GeneralSettings">
        <test-method status="PASS" signature="LaunchApp()[pri:0, instance:org.test.pro.general_settings_testcase.GeneralSettings@7cf10a6f]" name="LaunchApp" is-config="true" duration-ms="2738" started-at="2022-04-26T09:32:53Z" finished-at="2022-04-26T09:32:55Z">
          <reporter-output>
          </reporter-output>
        </test-method> <!-- LaunchApp -->
        <test-method status="FAIL" signature="checkInGeneralSettingAlinedsettingProperly()[pri:0, instance:org.test.pro.general_settings_testcase.GeneralSettings@7cf10a6f]" name="checkInGeneralSettingAlinedsettingProperly" duration-ms="16283" started-at="2022-04-26T09:32:55Z" finished-at="2022-04-26T09:33:12Z">
          <exception class="java.lang.NullPointerException">
            <full-stacktrace>
              <![CDATA[java.lang.NullPointerException
	at org.test.pro.general_settings_testcase.GeneralSettings.checkInGeneralSettingAlinedsettingProperly(GeneralSettings.java:249)
	at sun.reflect.NativeMethodAccessorImpl.invoke0(Native Method)
	at sun.reflect.NativeMethodAccessorImpl.invoke(Unknown Source)
	at sun.reflect.DelegatingMethodAccessorImpl.invoke(Unknown Source)
	at java.lang.reflect.Method.invoke(Unknown Source)
	at org.testng.internal.MethodInvocationHelper.invokeMethod(MethodInvocationHelper.java:85)
	at org.testng.internal.Invoker.invokeMethod(Invoker.java:663)
	at org.testng.internal.Invoker.invokeTestMethod(Invoker.java:849)
	at org.testng.internal.Invoker.invokeTestMethods(Invoker.java:1157)
	at org.testng.internal.TestMethodWorker.invokeTestMethods(TestMethodWorker.java:124)
	at org.testng.internal.TestMethodWorker.run(TestMethodWorker.java:108)
	at org.testng.TestRunner.privateRun(TestRunner.java:771)
	at org.testng.TestRunner.run(TestRunner.java:621)
	at org.testng.SuiteRunner.runTest(SuiteRunner.java:357)
	at org.testng.SuiteRunner.runSequentially(SuiteRunner.java:352)
	at org.testng.SuiteRunner.privateRun(SuiteRunner.java:310)
	at org.testng.SuiteRunner.run(SuiteRunner.java:259)
	at org.testng.SuiteRunnerWorker.runSuite(SuiteRunnerWorker.java:52)
	at org.testng.SuiteRunnerWorker.run(SuiteRunnerWorker.java:86)
	at org.testng.TestNG.runSuitesSequentially(TestNG.java:1200)
	at org.testng.TestNG.runSuitesLocally(TestNG.java:1125)
	at org.testng.TestNG.run(TestNG.java:1033)
	at org.testng.remote.RemoteTestNG.run(RemoteTestNG.java:111)
	at org.testng.remote.RemoteTestNG.initAndRun(RemoteTestNG.java:204)
	at org.testng.remote.RemoteTestNG.main(RemoteTestNG.java:175)
]]>
            </full-stacktrace>
          </exception> <!-- java.lang.NullPointerException -->
          <reporter-output>
          </reporter-output>
        </test-method> <!-- checkInGeneralSettingAlinedsettingProperly -->
      </class> <!-- org.test.pro.general_settings_testcase.GeneralSettings -->
    </test> <!-- Default test -->
  </suite> <!-- Default suite -->
</testng-results>
